c:\users\bt21118.cityins\desktop\cisc 205 -- oops - fall 2014\james mccarthy - oops meta\cisc_205_oops_meta\windowsproject\debug\vc120.pdb
c:\users\bt21118.cityins\desktop\cisc 205 -- oops - fall 2014\james mccarthy - oops meta\cisc_205_oops_meta\windowsproject\debug\navigationmenu.obj
c:\users\bt21118.cityins\desktop\cisc 205 -- oops - fall 2014\james mccarthy - oops meta\cisc_205_oops_meta\windowsproject\debug\frame.obj
c:\users\bt21118.cityins\desktop\cisc 205 -- oops - fall 2014\james mccarthy - oops meta\cisc_205_oops_meta\windowsproject\debug\dialogframe.obj
c:\users\bt21118.cityins\desktop\cisc 205 -- oops - fall 2014\james mccarthy - oops meta\cisc_205_oops_meta\windowsproject\debug\component.obj
c:\users\bt21118.cityins\desktop\cisc 205 -- oops - fall 2014\james mccarthy - oops meta\cisc_205_oops_meta\windowsproject\debug\buttonmenu.obj
c:\users\bt21118.cityins\desktop\cisc 205 -- oops - fall 2014\james mccarthy - oops meta\cisc_205_oops_meta\windowsproject\debug\jamesoptionpanes.obj
c:\users\bt21118.cityins\desktop\cisc 205 -- oops - fall 2014\james mccarthy - oops meta\cisc_205_oops_meta\windowsproject\debug\consolewordwrapper.obj
c:\users\bt21118.cityins\desktop\cisc 205 -- oops - fall 2014\james mccarthy - oops meta\cisc_205_oops_meta\windowsproject\debug\testingground.obj
c:\users\bt21118.cityins\desktop\cisc 205 -- oops - fall 2014\james mccarthy - oops meta\cisc_205_oops_meta\windowsproject\debug\main.obj
c:\users\bt21118.cityins\desktop\cisc 205 -- oops - fall 2014\james mccarthy - oops meta\cisc_205_oops_meta\windowsproject\debug\jamespp.obj
c:\users\bt21118.cityins\desktop\cisc 205 -- oops - fall 2014\james mccarthy - oops meta\cisc_205_oops_meta\windowsproject\debug\jamesca.obj
c:\users\bt21118.cityins\desktop\cisc 205 -- oops - fall 2014\james mccarthy - oops meta\cisc_205_oops_meta\windowsproject\debug\.netframework,version=v4.5.assemblyattributes.obj
c:\users\bt21118.cityins\desktop\cisc 205 -- oops - fall 2014\james mccarthy - oops meta\cisc_205_oops_meta\debug\cisc_205_oops_meta.exe
c:\users\bt21118.cityins\desktop\cisc 205 -- oops - fall 2014\james mccarthy - oops meta\cisc_205_oops_meta\debug\cisc_205_oops_meta.pdb
c:\users\bt21118.cityins\desktop\cisc 205 -- oops - fall 2014\james mccarthy - oops meta\cisc_205_oops_meta\windowsproject\debug\windowsproject.vcxprojresolveassemblyreference.cache
c:\users\bt21118.cityins\desktop\cisc 205 -- oops - fall 2014\james mccarthy - oops meta\cisc_205_oops_meta\windowsproject\debug\cisc_205.4044cc2d.tlog\cl.write.1.tlog.uptodatecheck.tmp
c:\users\bt21118.cityins\desktop\cisc 205 -- oops - fall 2014\james mccarthy - oops meta\cisc_205_oops_meta\windowsproject\debug\cisc_205.4044cc2d.tlog\cl.command.1.tlog
c:\users\bt21118.cityins\desktop\cisc 205 -- oops - fall 2014\james mccarthy - oops meta\cisc_205_oops_meta\windowsproject\debug\cisc_205.4044cc2d.tlog\cl.read.1.tlog
c:\users\bt21118.cityins\desktop\cisc 205 -- oops - fall 2014\james mccarthy - oops meta\cisc_205_oops_meta\windowsproject\debug\cisc_205.4044cc2d.tlog\cl.write.1.tlog
c:\users\bt21118.cityins\desktop\cisc 205 -- oops - fall 2014\james mccarthy - oops meta\cisc_205_oops_meta\windowsproject\debug\cisc_205.4044cc2d.tlog\link.command.1.tlog
c:\users\bt21118.cityins\desktop\cisc 205 -- oops - fall 2014\james mccarthy - oops meta\cisc_205_oops_meta\windowsproject\debug\cisc_205.4044cc2d.tlog\link.read.1.tlog
c:\users\bt21118.cityins\desktop\cisc 205 -- oops - fall 2014\james mccarthy - oops meta\cisc_205_oops_meta\windowsproject\debug\cisc_205.4044cc2d.tlog\link.write.1.tlog
c:\users\bt21118.cityins\desktop\cisc 205 -- oops - fall 2014\james mccarthy - oops meta\cisc_205_oops_meta\windowsproject\debug\cisc_205.4044cc2d.tlog\metagen.read.1.tlog
c:\users\bt21118.cityins\desktop\cisc 205 -- oops - fall 2014\james mccarthy - oops meta\cisc_205_oops_meta\windowsproject\debug\cisc_205.4044cc2d.tlog\metagen.write.1.tlog
c:\users\bt21118.cityins\desktop\cisc 205 -- oops - fall 2014\james mccarthy - oops meta\cisc_205_oops_meta\windowsproject\debug\cisc_205.4044cc2d.tlog\tzres.dll.bi
